d:\users\localuser\desktop\整理\工具\zw3d界面\z3demo\z3demo\z3demo\x64\debug\z3demo.pch
d:\users\localuser\desktop\整理\工具\zw3d界面\z3demo\z3demo\z3demo\x64\debug\vc143.pdb
d:\users\localuser\desktop\整理\工具\zw3d界面\z3demo\z3demo\z3demo\x64\debug\vc143.idb
d:\users\localuser\desktop\整理\工具\zw3d界面\z3demo\z3demo\z3demo\x64\debug\pch.obj
d:\users\localuser\desktop\整理\工具\zw3d界面\z3demo\z3demo\z3demo\x64\debug\main.obj
d:\users\localuser\desktop\整理\工具\zw3d界面\z3demo\z3demo\z3demo\x64\debug\dllmain.obj
d:\users\localuser\desktop\整理\工具\zw3d界面\z3demo\z3demo\x64\debug\z3demo.dll
d:\users\localuser\desktop\整理\工具\zw3d界面\z3demo\z3demo\x64\debug\z3demo.pdb
d:\users\localuser\desktop\整理\工具\zw3d界面\z3demo\z3demo\x64\debug\z3demo.lib
d:\users\localuser\desktop\整理\工具\zw3d界面\z3demo\z3demo\x64\debug\z3demo.exp
d:\users\localuser\desktop\整理\工具\zw3d界面\z3demo\z3demo\z3demo\x64\debug\z3demo.ilk
d:\users\localuser\desktop\整理\工具\zw3d界面\tool_zcui\z3demo\z3demo\x64\debug\dllmain.obj
d:\users\localuser\desktop\整理\工具\zw3d界面\tool_zcui\z3demo\z3demo\x64\debug\main.obj
d:\users\localuser\desktop\整理\工具\zw3d界面\tool_zcui\z3demo\z3demo\x64\debug\pch.obj
d:\users\localuser\desktop\整理\工具\zw3d界面\tool_zcui\z3demo\z3demo\x64\debug\z3demo.ilk
d:\users\localuser\desktop\整理\工具\zw3d界面\tool_zcui\z3demo\z3demo\x64\debug\z3demo.pch
d:\users\localuser\desktop\整理\工具\zw3d界面\tool_zcui\z3demo\z3demo\x64\debug\vc143.idb
d:\users\localuser\desktop\整理\工具\zw3d界面\tool_zcui\z3demo\z3demo\x64\debug\vc143.pdb
d:\users\localuser\desktop\整理\工具\zw3d界面\tool_zcui\z3demo\x64\debug\z3demo.pdb
d:\users\localuser\desktop\整理\工具\zw3d界面\tool_zcui\z3demo\x64\debug\z3demo.dll
d:\users\localuser\desktop\整理\工具\zw3d界面\tool_zcui\z3demo\z3demo\x64\debug\z3demo.tlog\cl.command.1.tlog
d:\users\localuser\desktop\整理\工具\zw3d界面\tool_zcui\z3demo\z3demo\x64\debug\z3demo.tlog\cl.items.tlog
d:\users\localuser\desktop\整理\工具\zw3d界面\tool_zcui\z3demo\z3demo\x64\debug\z3demo.tlog\cl.read.1.tlog
d:\users\localuser\desktop\整理\工具\zw3d界面\tool_zcui\z3demo\z3demo\x64\debug\z3demo.tlog\cl.write.1.tlog
d:\users\localuser\desktop\整理\工具\zw3d界面\tool_zcui\z3demo\z3demo\x64\debug\z3demo.tlog\link.command.1.tlog
d:\users\localuser\desktop\整理\工具\zw3d界面\tool_zcui\z3demo\z3demo\x64\debug\z3demo.tlog\link.read.1.tlog
d:\users\localuser\desktop\整理\工具\zw3d界面\tool_zcui\z3demo\z3demo\x64\debug\z3demo.tlog\link.secondary.1.tlog
d:\users\localuser\desktop\整理\工具\zw3d界面\tool_zcui\z3demo\z3demo\x64\debug\z3demo.tlog\link.write.1.tlog
